Flow report for ECE385_LAB_5
Tue Sep 24 02:17:47 2019
Quartus Prime Version 18.1.0 Build 625 09/12/2018 SJ Lite Edition


---------------------
; Table of Contents ;
---------------------
  1. Legal Notice
  2. Flow Summary
  3. Flow Settings
  4. Flow Non-Default Global Settings
  5. Flow Elapsed Time
  6. Flow OS Summary
  7. Flow Log
  8. Flow Messages
  9. Flow Suppressed Messages



----------------
; Legal Notice ;
----------------
Copyright (C) 2018  Intel Corporation. All rights reserved.
Your use of Intel Corporation's design tools, logic functions 
and other software and tools, and its AMPP partner logic 
functions, and any output files from any of the foregoing 
(including device programming or simulation files), and any 
associated documentation or information are expressly subject 
to the terms and conditions of the Intel Program License 
Subscription Agreement, the Intel Quartus Prime License Agreement,
the Intel FPGA IP License Agreement, or other applicable license
agreement, including, without limitation, that your use is for
the sole purpose of programming logic devices manufactured by
Intel and sold by Intel or its authorized distributors.  Please
refer to the applicable agreement for further details.



+----------------------------------------------------------------------------------+
; Flow Summary                                                                     ;
+------------------------------------+---------------------------------------------+
; Flow Status                        ; Successful - Tue Sep 24 02:17:47 2019       ;
; Quartus Prime Version              ; 18.1.0 Build 625 09/12/2018 SJ Lite Edition ;
; Revision Name                      ; ECE385_LAB_5                                ;
; Top-level Entity Name              ; Multiplier_toplevel                         ;
; Family                             ; Cyclone IV E                                ;
; Device                             ; EP4CE115F29C7                               ;
; Timing Models                      ; Final                                       ;
; Total logic elements               ; 98 / 114,480 ( < 1 % )                      ;
;     Total combinational functions  ; 98 / 114,480 ( < 1 % )                      ;
;     Dedicated logic registers      ; 39 / 114,480 ( < 1 % )                      ;
; Total registers                    ; 39                                          ;
; Total pins                         ; 57 / 529 ( 11 % )                           ;
; Total virtual pins                 ; 0                                           ;
; Total memory bits                  ; 0 / 3,981,312 ( 0 % )                       ;
; Embedded Multiplier 9-bit elements ; 0 / 532 ( 0 % )                             ;
; Total PLLs                         ; 0 / 4 ( 0 % )                               ;
+------------------------------------+---------------------------------------------+


+-----------------------------------------+
; Flow Settings                           ;
+-------------------+---------------------+
; Option            ; Setting             ;
+-------------------+---------------------+
; Start date & time ; 09/24/2019 02:17:39 ;
; Main task         ; Compilation         ;
; Revision Name     ; ECE385_LAB_5        ;
+-------------------+---------------------+


+-------------------------------------------------------------------------------------------------------------------------------------+
; Flow Non-Default Global Settings                                                                                                    ;
+-------------------------------------+----------------------------------------+---------------+---------------------+----------------+
; Assignment Name                     ; Value                                  ; Default Value ; Entity Name         ; Section Id     ;
+-------------------------------------+----------------------------------------+---------------+---------------------+----------------+
; COMPILER_SIGNATURE_ID               ; 963348138732.156930945901220           ; --            ; --                  ; --             ;
; EDA_OUTPUT_DATA_FORMAT              ; Systemverilog Hdl                      ; --            ; --                  ; eda_simulation ;
; EDA_SIMULATION_TOOL                 ; ModelSim-Altera (SystemVerilog)        ; <None>        ; --                  ; --             ;
; EDA_TIME_SCALE                      ; 1 ps                                   ; --            ; --                  ; eda_simulation ;
; MAX_CORE_JUNCTION_TEMP              ; 85                                     ; --            ; --                  ; --             ;
; MIN_CORE_JUNCTION_TEMP              ; 0                                      ; --            ; --                  ; --             ;
; NOMINAL_CORE_SUPPLY_VOLTAGE         ; 1.2V                                   ; --            ; --                  ; --             ;
; PARTITION_COLOR                     ; -- (Not supported for targeted family) ; --            ; Multiplier_toplevel ; Top            ;
; PARTITION_FITTER_PRESERVATION_LEVEL ; -- (Not supported for targeted family) ; --            ; Multiplier_toplevel ; Top            ;
; PARTITION_NETLIST_TYPE              ; -- (Not supported for targeted family) ; --            ; Multiplier_toplevel ; Top            ;
; POWER_BOARD_THERMAL_MODEL           ; None (CONSERVATIVE)                    ; --            ; --                  ; --             ;
; POWER_PRESET_COOLING_SOLUTION       ; 23 MM HEAT SINK WITH 200 LFPM AIRFLOW  ; --            ; --                  ; --             ;
; PROJECT_OUTPUT_DIRECTORY            ; output_files                           ; --            ; --                  ; --             ;
; TOP_LEVEL_ENTITY                    ; Multiplier_toplevel                    ; ECE385_LAB_5  ; --                  ; --             ;
+-------------------------------------+----------------------------------------+---------------+---------------------+----------------+


+----------------------------------------------------------------------------------------------------------------------------+
; Flow Elapsed Time                                                                                                          ;
+------------------------+--------------+-------------------------+---------------------+------------------------------------+
; Module Name            ; Elapsed Time ; Average Processors Used ; Peak Virtual Memory ; Total CPU Time (on all processors) ;
+------------------------+--------------+-------------------------+---------------------+------------------------------------+
; Analysis & Elaboration ; 00:00:08     ; 1.0                     ; 4715 MB             ; 00:00:19                           ;
; Total                  ; 00:00:08     ; --                      ; --                  ; 00:00:19                           ;
+------------------------+--------------+-------------------------+---------------------+------------------------------------+


+--------------------------------------------------------------------------------------+
; Flow OS Summary                                                                      ;
+------------------------+------------------+------------+------------+----------------+
; Module Name            ; Machine Hostname ; OS Name    ; OS Version ; Processor type ;
+------------------------+------------------+------------+------------+----------------+
; Analysis & Elaboration ; NKRB15           ; Windows 10 ; 10.0       ; x86_64         ;
+------------------------+------------------+------------+------------+----------------+


------------
; Flow Log ;
------------
quartus_map --read_settings_files=on --write_settings_files=off ECE385_LAB_5 -c ECE385_LAB_5
quartus_fit --read_settings_files=off --write_settings_files=off ECE385_LAB_5 -c ECE385_LAB_5
quartus_asm --read_settings_files=off --write_settings_files=off ECE385_LAB_5 -c ECE385_LAB_5
quartus_sta ECE385_LAB_5 -c ECE385_LAB_5
quartus_eda --read_settings_files=off --write_settings_files=off ECE385_LAB_5 -c ECE385_LAB_5



