21:08:31 **** Clean-only build of configuration Nios II for project Lab9_bsp ****
make clean 
[BSP clean complete]
21:08:36 **** Clean-only build of configuration Nios II for project Lab9 ****
make clean 
[Lab9 clean complete]
21:15:05 **** Build of configuration Nios II for project Lab9 ****
make all 
Info: Building ../Lab9_bsp/
C:/intelFPGA_lite/18.1/nios2eds/bin/gnu/H-x86_64-mingw32/bin/make --no-print-directory -C ../Lab9_bsp/
Compiling alt_alarm_start.c...
nios2-elf-gcc -xc -MP -MMD -c  -I./HAL/inc -I. -I./drivers/inc -pipe -D__hal__ -DALT_NO_INSTRUCTION_EMULATION -DALT_SINGLE_THREADED    -O0 -g -Wall  -mno-hw-div -mno-hw-mul -mno-hw-mulx -mgpopt=global   -o obj/HAL/src/alt_alarm_start.o HAL/src/alt_alarm_start.c
Compiling alt_busy_sleep.c...
nios2-elf-gcc -xc -MP -MMD -c  -I./HAL/inc -I. -I./drivers/inc -pipe -D__hal__ -DALT_NO_INSTRUCTION_EMULATION -DALT_SINGLE_THREADED    -O0 -g -Wall  -mno-hw-div -mno-hw-mul -mno-hw-mulx -mgpopt=global   -o obj/HAL/src/alt_busy_sleep.o HAL/src/alt_busy_sleep.c
Compiling alt_close.c...
nios2-elf-gcc -xc -MP -MMD -c  -I./HAL/inc -I. -I./drivers/inc -pipe -D__hal__ -DALT_NO_INSTRUCTION_EMULATION -DALT_SINGLE_THREADED    -O0 -g -Wall  -mno-hw-div -mno-hw-mul -mno-hw-mulx -mgpopt=global   -o obj/HAL/src/alt_close.o HAL/src/alt_close.c
Compiling alt_dcache_flush.c...
nios2-elf-gcc -xc -MP -MMD -c  -I./HAL/inc -I. -I./drivers/inc -pipe -D__hal__ -DALT_NO_INSTRUCTION_EMULATION -DALT_SINGLE_THREADED    -O0 -g -Wall  -mno-hw-div -mno-hw-mul -mno-hw-mulx -mgpopt=global   -o obj/HAL/src/alt_dcache_flush.o HAL/src/alt_dcache_flush.c
Compiling alt_dcache_flush_all.c...
nios2-elf-gcc -xc -MP -MMD -c  -I./HAL/inc -I. -I./drivers/inc -pipe -D__hal__ -DALT_NO_INSTRUCTION_EMULATION -DALT_SINGLE_THREADED    -O0 -g -Wall  -mno-hw-div -mno-hw-mul -mno-hw-mulx -mgpopt=global   -o obj/HAL/src/alt_dcache_flush_all.o HAL/src/alt_dcache_flush_all.c
Compiling alt_dcache_flush_no_writeback.c...
nios2-elf-gcc -xc -MP -MMD -c  -I./HAL/inc -I. -I./drivers/inc -pipe -D__hal__ -DALT_NO_INSTRUCTION_EMULATION -DALT_SINGLE_THREADED    -O0 -g -Wall  -mno-hw-div -mno-hw-mul -mno-hw-mulx -mgpopt=global   -o obj/HAL/src/alt_dcache_flush_no_writeback.o HAL/src/alt_dcache_flush_no_writeback.c
Compiling alt_dev.c...
nios2-elf-gcc -xc -MP -MMD -c  -I./HAL/inc -I. -I./drivers/inc -pipe -D__hal__ -DALT_NO_INSTRUCTION_EMULATION -DALT_SINGLE_THREADED    -O0 -g -Wall  -mno-hw-div -mno-hw-mul -mno-hw-mulx -mgpopt=global   -o obj/HAL/src/alt_dev.o HAL/src/alt_dev.c
Compiling alt_dev_llist_insert.c...
nios2-elf-gcc -xc -MP -MMD -c  -I./HAL/inc -I. -I./drivers/inc -pipe -D__hal__ -DALT_NO_INSTRUCTION_EMULATION -DALT_SINGLE_THREADED    -O0 -g -Wall  -mno-hw-div -mno-hw-mul -mno-hw-mulx -mgpopt=global   -o obj/HAL/src/alt_dev_llist_insert.o HAL/src/alt_dev_llist_insert.c
Compiling alt_dma_rxchan_open.c...
nios2-elf-gcc -xc -MP -MMD -c  -I./HAL/inc -I. -I./drivers/inc -pipe -D__hal__ -DALT_NO_INSTRUCTION_EMULATION -DALT_SINGLE_THREADED    -O0 -g -Wall  -mno-hw-div -mno-hw-mul -mno-hw-mulx -mgpopt=global   -o obj/HAL/src/alt_dma_rxchan_open.o HAL/src/alt_dma_rxchan_open.c
Compiling alt_dma_txchan_open.c...
nios2-elf-gcc -xc -MP -MMD -c  -I./HAL/inc -I. -I./drivers/inc -pipe -D__hal__ -DALT_NO_INSTRUCTION_EMULATION -DALT_SINGLE_THREADED    -O0 -g -Wall  -mno-hw-div -mno-hw-mul -mno-hw-mulx -mgpopt=global   -o obj/HAL/src/alt_dma_txchan_open.o HAL/src/alt_dma_txchan_open.c
Compiling alt_do_ctors.c...
nios2-elf-gcc -xc -MP -MMD -c  -I./HAL/inc -I. -I./drivers/inc -pipe -D__hal__ -DALT_NO_INSTRUCTION_EMULATION -DALT_SINGLE_THREADED    -O0 -g -Wall  -mno-hw-div -mno-hw-mul -mno-hw-mulx -mgpopt=global   -o obj/HAL/src/alt_do_ctors.o HAL/src/alt_do_ctors.c
Compiling alt_do_dtors.c...
nios2-elf-gcc -xc -MP -MMD -c  -I./HAL/inc -I. -I./drivers/inc -pipe -D__hal__ -DALT_NO_INSTRUCTION_EMULATION -DALT_SINGLE_THREADED    -O0 -g -Wall  -mno-hw-div -mno-hw-mul -mno-hw-mulx -mgpopt=global   -o obj/HAL/src/alt_do_dtors.o HAL/src/alt_do_dtors.c
Compiling alt_ecc_fatal_entry.S...
nios2-elf-gcc -MP -MMD -c   -O0 -g -Wall  -mno-hw-div -mno-hw-mul -mno-hw-mulx -mgpopt=global    -I./HAL/inc -I. -I./drivers/inc -pipe -D__hal__ -DALT_NO_INSTRUCTION_EMULATION -DALT_SINGLE_THREADED  -Wa,-gdwarf2  -o obj/HAL/src/alt_ecc_fatal_entry.o HAL/src/alt_ecc_fatal_entry.S
Compiling alt_ecc_fatal_exception.c...
nios2-elf-gcc -xc -MP -MMD -c  -I./HAL/inc -I. -I./drivers/inc -pipe -D__hal__ -DALT_NO_INSTRUCTION_EMULATION -DALT_SINGLE_THREADED    -O0 -g -Wall  -mno-hw-div -mno-hw-mul -mno-hw-mulx -mgpopt=global   -o obj/HAL/src/alt_ecc_fatal_exception.o HAL/src/alt_ecc_fatal_exception.c
Compiling alt_env_lock.c...
nios2-elf-gcc -xc -MP -MMD -c  -I./HAL/inc -I. -I./drivers/inc -pipe -D__hal__ -DALT_NO_INSTRUCTION_EMULATION -DALT_SINGLE_THREADED    -O0 -g -Wall  -mno-hw-div -mno-hw-mul -mno-hw-mulx -mgpopt=global   -o obj/HAL/src/alt_env_lock.o HAL/src/alt_env_lock.c
Compiling alt_environ.c...
nios2-elf-gcc -xc -MP -MMD -c  -I./HAL/inc -I. -I./drivers/inc -pipe -D__hal__ -DALT_NO_INSTRUCTION_EMULATION -DALT_SINGLE_THREADED    -O0 -g -Wall  -mno-hw-div -mno-hw-mul -mno-hw-mulx -mgpopt=global   -o obj/HAL/src/alt_environ.o HAL/src/alt_environ.c
Compiling alt_errno.c...
nios2-elf-gcc -xc -MP -MMD -c  -I./HAL/inc -I. -I./drivers/inc -pipe -D__hal__ -DALT_NO_INSTRUCTION_EMULATION -DALT_SINGLE_THREADED    -O0 -g -Wall  -mno-hw-div -mno-hw-mul -mno-hw-mulx -mgpopt=global   -o obj/HAL/src/alt_errno.o HAL/src/alt_errno.c
Compiling alt_exception_entry.S...
nios2-elf-gcc -MP -MMD -c   -O0 -g -Wall  -mno-hw-div -mno-hw-mul -mno-hw-mulx -mgpopt=global    -I./HAL/inc -I. -I./drivers/inc -pipe -D__hal__ -DALT_NO_INSTRUCTION_EMULATION -DALT_SINGLE_THREADED  -Wa,-gdwarf2  -o obj/HAL/src/alt_exception_entry.o HAL/src/alt_exception_entry.S
Compiling alt_exception_muldiv.S...
nios2-elf-gcc -MP -MMD -c   -O0 -g -Wall  -mno-hw-div -mno-hw-mul -mno-hw-mulx -mgpopt=global    -I./HAL/inc -I. -I./drivers/inc -pipe -D__hal__ -DALT_NO_INSTRUCTION_EMULATION -DALT_SINGLE_THREADED  -Wa,-gdwarf2  -o obj/HAL/src/alt_exception_muldiv.o HAL/src/alt_exception_muldiv.S
Compiling alt_exception_trap.S...
nios2-elf-gcc -MP -MMD -c   -O0 -g -Wall  -mno-hw-div -mno-hw-mul -mno-hw-mulx -mgpopt=global    -I./HAL/inc -I. -I./drivers/inc -pipe -D__hal__ -DALT_NO_INSTRUCTION_EMULATION -DALT_SINGLE_THREADED  -Wa,-gdwarf2  -o obj/HAL/src/alt_exception_trap.o HAL/src/alt_exception_trap.S
Compiling alt_execve.c...
nios2-elf-gcc -xc -MP -MMD -c  -I./HAL/inc -I. -I./drivers/inc -pipe -D__hal__ -DALT_NO_INSTRUCTION_EMULATION -DALT_SINGLE_THREADED    -O0 -g -Wall  -mno-hw-div -mno-hw-mul -mno-hw-mulx -mgpopt=global   -o obj/HAL/src/alt_execve.o HAL/src/alt_execve.c
Compiling alt_exit.c...
nios2-elf-gcc -xc -MP -MMD -c  -I./HAL/inc -I. -I./drivers/inc -pipe -D__hal__ -DALT_NO_INSTRUCTION_EMULATION -DALT_SINGLE_THREADED    -O0 -g -Wall  -mno-hw-div -mno-hw-mul -mno-hw-mulx -mgpopt=global   -o obj/HAL/src/alt_exit.o HAL/src/alt_exit.c
Compiling alt_fcntl.c...
nios2-elf-gcc -xc -MP -MMD -c  -I./HAL/inc -I. -I./drivers/inc -pipe -D__hal__ -DALT_NO_INSTRUCTION_EMULATION -DALT_SINGLE_THREADED    -O0 -g -Wall  -mno-hw-div -mno-hw-mul -mno-hw-mulx -mgpopt=global   -o obj/HAL/src/alt_fcntl.o HAL/src/alt_fcntl.c
Compiling alt_fd_lock.c...
nios2-elf-gcc -xc -MP -MMD -c  -I./HAL/inc -I. -I./drivers/inc -pipe -D__hal__ -DALT_NO_INSTRUCTION_EMULATION -DALT_SINGLE_THREADED    -O0 -g -Wall  -mno-hw-div -mno-hw-mul -mno-hw-mulx -mgpopt=global   -o obj/HAL/src/alt_fd_lock.o HAL/src/alt_fd_lock.c
Compiling alt_fd_unlock.c...
nios2-elf-gcc -xc -MP -MMD -c  -I./HAL/inc -I. -I./drivers/inc -pipe -D__hal__ -DALT_NO_INSTRUCTION_EMULATION -DALT_SINGLE_THREADED    -O0 -g -Wall  -mno-hw-div -mno-hw-mul -mno-hw-mulx -mgpopt=global   -o obj/HAL/src/alt_fd_unlock.o HAL/src/alt_fd_unlock.c
Compiling alt_find_dev.c...
nios2-elf-gcc -xc -MP -MMD -c  -I./HAL/inc -I. -I./drivers/inc -pipe -D__hal__ -DALT_NO_INSTRUCTION_EMULATION -DALT_SINGLE_THREADED    -O0 -g -Wall  -mno-hw-div -mno-hw-mul -mno-hw-mulx -mgpopt=global   -o obj/HAL/src/alt_find_dev.o HAL/src/alt_find_dev.c
Compiling alt_find_file.c...
nios2-elf-gcc -xc -MP -MMD -c  -I./HAL/inc -I. -I./drivers/inc -pipe -D__hal__ -DALT_NO_INSTRUCTION_EMULATION -DALT_SINGLE_THREADED    -O0 -g -Wall  -mno-hw-div -mno-hw-mul -mno-hw-mulx -mgpopt=global   -o obj/HAL/src/alt_find_file.o HAL/src/alt_find_file.c
Compiling alt_flash_dev.c...
nios2-elf-gcc -xc -MP -MMD -c  -I./HAL/inc -I. -I./drivers/inc -pipe -D__hal__ -DALT_NO_INSTRUCTION_EMULATION -DALT_SINGLE_THREADED    -O0 -g -Wall  -mno-hw-div -mno-hw-mul -mno-hw-mulx -mgpopt=global   -o obj/HAL/src/alt_flash_dev.o HAL/src/alt_flash_dev.c
Compiling alt_fork.c...
nios2-elf-gcc -xc -MP -MMD -c  -I./HAL/inc -I. -I./drivers/inc -pipe -D__hal__ -DALT_NO_INSTRUCTION_EMULATION -DALT_SINGLE_THREADED    -O0 -g -Wall  -mno-hw-div -mno-hw-mul -mno-hw-mulx -mgpopt=global   -o obj/HAL/src/alt_fork.o HAL/src/alt_fork.c
Compiling alt_fs_reg.c...
nios2-elf-gcc -xc -MP -MMD -c  -I./HAL/inc -I. -I./drivers/inc -pipe -D__hal__ -DALT_NO_INSTRUCTION_EMULATION -DALT_SINGLE_THREADED    -O0 -g -Wall  -mno-hw-div -mno-hw-mul -mno-hw-mulx -mgpopt=global   -o obj/HAL/src/alt_fs_reg.o HAL/src/alt_fs_reg.c
Compiling alt_fstat.c...
nios2-elf-gcc -xc -MP -MMD -c  -I./HAL/inc -I. -I./drivers/inc -pipe -D__hal__ -DALT_NO_INSTRUCTION_EMULATION -DALT_SINGLE_THREADED    -O0 -g -Wall  -mno-hw-div -mno-hw-mul -mno-hw-mulx -mgpopt=global   -o obj/HAL/src/alt_fstat.o HAL/src/alt_fstat.c
Compiling alt_get_fd.c...
nios2-elf-gcc -xc -MP -MMD -c  -I./HAL/inc -I. -I./drivers/inc -pipe -D__hal__ -DALT_NO_INSTRUCTION_EMULATION -DALT_SINGLE_THREADED    -O0 -g -Wall  -mno-hw-div -mno-hw-mul -mno-hw-mulx -mgpopt=global   -o obj/HAL/src/alt_get_fd.o HAL/src/alt_get_fd.c
Compiling alt_getchar.c...
nios2-elf-gcc -xc -MP -MMD -c  -I./HAL/inc -I. -I./drivers/inc -pipe -D__hal__ -DALT_NO_INSTRUCTION_EMULATION -DALT_SINGLE_THREADED    -O0 -g -Wall  -mno-hw-div -mno-hw-mul -mno-hw-mulx -mgpopt=global   -o obj/HAL/src/alt_getchar.o HAL/src/alt_getchar.c
Compiling alt_getpid.c...
nios2-elf-gcc -xc -MP -MMD -c  -I./HAL/inc -I. -I./drivers/inc -pipe -D__hal__ -DALT_NO_INSTRUCTION_EMULATION -DALT_SINGLE_THREADED    -O0 -g -Wall  -mno-hw-div -mno-hw-mul -mno-hw-mulx -mgpopt=global   -o obj/HAL/src/alt_getpid.o HAL/src/alt_getpid.c
Compiling alt_gettod.c...
nios2-elf-gcc -xc -MP -MMD -c  -I./HAL/inc -I. -I./drivers/inc -pipe -D__hal__ -DALT_NO_INSTRUCTION_EMULATION -DALT_SINGLE_THREADED    -O0 -g -Wall  -mno-hw-div -mno-hw-mul -mno-hw-mulx -mgpopt=global   -o obj/HAL/src/alt_gettod.o HAL/src/alt_gettod.c
Compiling alt_gmon.c...
nios2-elf-gcc -xc -MP -MMD -c  -I./HAL/inc -I. -I./drivers/inc -pipe -D__hal__ -DALT_NO_INSTRUCTION_EMULATION -DALT_SINGLE_THREADED    -O0 -g -Wall  -mno-hw-div -mno-hw-mul -mno-hw-mulx -mgpopt=global   -o obj/HAL/src/alt_gmon.o HAL/src/alt_gmon.c
Compiling alt_icache_flush.c...
nios2-elf-gcc -xc -MP -MMD -c  -I./HAL/inc -I. -I./drivers/inc -pipe -D__hal__ -DALT_NO_INSTRUCTION_EMULATION -DALT_SINGLE_THREADED    -O0 -g -Wall  -mno-hw-div -mno-hw-mul -mno-hw-mulx -mgpopt=global   -o obj/HAL/src/alt_icache_flush.o HAL/src/alt_icache_flush.c
Compiling alt_icache_flush_all.c...
nios2-elf-gcc -xc -MP -MMD -c  -I./HAL/inc -I. -I./drivers/inc -pipe -D__hal__ -DALT_NO_INSTRUCTION_EMULATION -DALT_SINGLE_THREADED    -O0 -g -Wall  -mno-hw-div -mno-hw-mul -mno-hw-mulx -mgpopt=global   -o obj/HAL/src/alt_icache_flush_all.o HAL/src/alt_icache_flush_all.c
Compiling alt_iic.c...
nios2-elf-gcc -xc -MP -MMD -c  -I./HAL/inc -I. -I./drivers/inc -pipe -D__hal__ -DALT_NO_INSTRUCTION_EMULATION -DALT_SINGLE_THREADED    -O0 -g -Wall  -mno-hw-div -mno-hw-mul -mno-hw-mulx -mgpopt=global   -o obj/HAL/src/alt_iic.o HAL/src/alt_iic.c
Compiling alt_iic_isr_register.c...
nios2-elf-gcc -xc -MP -MMD -c  -I./HAL/inc -I. -I./drivers/inc -pipe -D__hal__ -DALT_NO_INSTRUCTION_EMULATION -DALT_SINGLE_THREADED    -O0 -g -Wall  -mno-hw-div -mno-hw-mul -mno-hw-mulx -mgpopt=global   -o obj/HAL/src/alt_iic_isr_register.o HAL/src/alt_iic_isr_register.c
Compiling alt_instruction_exception_entry.c...
nios2-elf-gcc -xc -MP -MMD -c  -I./HAL/inc -I. -I./drivers/inc -pipe -D__hal__ -DALT_NO_INSTRUCTION_EMULATION -DALT_SINGLE_THREADED    -O0 -g -Wall  -mno-hw-div -mno-hw-mul -mno-hw-mulx -mgpopt=global   -o obj/HAL/src/alt_instruction_exception_entry.o HAL/src/alt_instruction_exception_entry.c
Compiling alt_instruction_exception_register.c...
nios2-elf-gcc -xc -MP -MMD -c  -I./HAL/inc -I. -I./drivers/inc -pipe -D__hal__ -DALT_NO_INSTRUCTION_EMULATION -DALT_SINGLE_THREADED    -O0 -g -Wall  -mno-hw-div -mno-hw-mul -mno-hw-mulx -mgpopt=global   -o obj/HAL/src/alt_instruction_exception_register.o HAL/src/alt_instruction_exception_register.c
Compiling alt_io_redirect.c...
nios2-elf-gcc -xc -MP -MMD -c  -I./HAL/inc -I. -I./drivers/inc -pipe -D__hal__ -DALT_NO_INSTRUCTION_EMULATION -DALT_SINGLE_THREADED    -O0 -g -Wall  -mno-hw-div -mno-hw-mul -mno-hw-mulx -mgpopt=global   -o obj/HAL/src/alt_io_redirect.o HAL/src/alt_io_redirect.c
Compiling alt_ioctl.c...
nios2-elf-gcc -xc -MP -MMD -c  -I./HAL/inc -I. -I./drivers/inc -pipe -D__hal__ -DALT_NO_INSTRUCTION_EMULATION -DALT_SINGLE_THREADED    -O0 -g -Wall  -mno-hw-div -mno-hw-mul -mno-hw-mulx -mgpopt=global   -o obj/HAL/src/alt_ioctl.o HAL/src/alt_ioctl.c
Compiling alt_irq_entry.S...
nios2-elf-gcc -MP -MMD -c   -O0 -g -Wall  -mno-hw-div -mno-hw-mul -mno-hw-mulx -mgpopt=global    -I./HAL/inc -I. -I./drivers/inc -pipe -D__hal__ -DALT_NO_INSTRUCTION_EMULATION -DALT_SINGLE_THREADED  -Wa,-gdwarf2  -o obj/HAL/src/alt_irq_entry.o HAL/src/alt_irq_entry.S
Compiling alt_irq_handler.c...
nios2-elf-gcc -xc -MP -MMD -c  -I./HAL/inc -I. -I./drivers/inc -pipe -D__hal__ -DALT_NO_INSTRUCTION_EMULATION -DALT_SINGLE_THREADED    -O0 -g -Wall  -mno-hw-div -mno-hw-mul -mno-hw-mulx -mgpopt=global   -o obj/HAL/src/alt_irq_handler.o HAL/src/alt_irq_handler.c
Compiling alt_irq_register.c...
nios2-elf-gcc -xc -MP -MMD -c  -I./HAL/inc -I. -I./drivers/inc -pipe -D__hal__ -DALT_NO_INSTRUCTION_EMULATION -DALT_SINGLE_THREADED    -O0 -g -Wall  -mno-hw-div -mno-hw-mul -mno-hw-mulx -mgpopt=global   -o obj/HAL/src/alt_irq_register.o HAL/src/alt_irq_register.c
Compiling alt_irq_vars.c...
nios2-elf-gcc -xc -MP -MMD -c  -I./HAL/inc -I. -I./drivers/inc -pipe -D__hal__ -DALT_NO_INSTRUCTION_EMULATION -DALT_SINGLE_THREADED    -O0 -g -Wall  -mno-hw-div -mno-hw-mul -mno-hw-mulx -mgpopt=global   -o obj/HAL/src/alt_irq_vars.o HAL/src/alt_irq_vars.c
Compiling alt_isatty.c...
nios2-elf-gcc -xc -MP -MMD -c  -I./HAL/inc -I. -I./drivers/inc -pipe -D__hal__ -DALT_NO_INSTRUCTION_EMULATION -DALT_SINGLE_THREADED    -O0 -g -Wall  -mno-hw-div -mno-hw-mul -mno-hw-mulx -mgpopt=global   -o obj/HAL/src/alt_isatty.o HAL/src/alt_isatty.c
Compiling alt_kill.c...
nios2-elf-gcc -xc -MP -MMD -c  -I./HAL/inc -I. -I./drivers/inc -pipe -D__hal__ -DALT_NO_INSTRUCTION_EMULATION -DALT_SINGLE_THREADED    -O0 -g -Wall  -mno-hw-div -mno-hw-mul -mno-hw-mulx -mgpopt=global   -o obj/HAL/src/alt_kill.o HAL/src/alt_kill.c
Compiling alt_link.c...
nios2-elf-gcc -xc -MP -MMD -c  -I./HAL/inc -I. -I./drivers/inc -pipe -D__hal__ -DALT_NO_INSTRUCTION_EMULATION -DALT_SINGLE_THREADED    -O0 -g -Wall  -mno-hw-div -mno-hw-mul -mno-hw-mulx -mgpopt=global   -o obj/HAL/src/alt_link.o HAL/src/alt_link.c
Compiling alt_load.c...
nios2-elf-gcc -xc -MP -MMD -c  -I./HAL/inc -I. -I./drivers/inc -pipe -D__hal__ -DALT_NO_INSTRUCTION_EMULATION -DALT_SINGLE_THREADED    -O0 -g -Wall  -mno-hw-div -mno-hw-mul -mno-hw-mulx -mgpopt=global   -o obj/HAL/src/alt_load.o HAL/src/alt_load.c
Compiling alt_log_macro.S...
nios2-elf-gcc -MP -MMD -c   -O0 -g -Wall  -mno-hw-div -mno-hw-mul -mno-hw-mulx -mgpopt=global    -I./HAL/inc -I. -I./drivers/inc -pipe -D__hal__ -DALT_NO_INSTRUCTION_EMULATION -DALT_SINGLE_THREADED  -Wa,-gdwarf2  -o obj/HAL/src/alt_log_macro.o HAL/src/alt_log_macro.S
Compiling alt_log_printf.c...
nios2-elf-gcc -xc -MP -MMD -c  -I./HAL/inc -I. -I./drivers/inc -pipe -D__hal__ -DALT_NO_INSTRUCTION_EMULATION -DALT_SINGLE_THREADED    -O0 -g -Wall  -mno-hw-div -mno-hw-mul -mno-hw-mulx -mgpopt=global   -o obj/HAL/src/alt_log_printf.o HAL/src/alt_log_printf.c
Compiling alt_lseek.c...
nios2-elf-gcc -xc -MP -MMD -c  -I./HAL/inc -I. -I./drivers/inc -pipe -D__hal__ -DALT_NO_INSTRUCTION_EMULATION -DALT_SINGLE_THREADED    -O0 -g -Wall  -mno-hw-div -mno-hw-mul -mno-hw-mulx -mgpopt=global   -o obj/HAL/src/alt_lseek.o HAL/src/alt_lseek.c
Compiling alt_main.c...
nios2-elf-gcc -xc -MP -MMD -c  -I./HAL/inc -I. -I./drivers/inc -pipe -D__hal__ -DALT_NO_INSTRUCTION_EMULATION -DALT_SINGLE_THREADED    -O0 -g -Wall  -mno-hw-div -mno-hw-mul -mno-hw-mulx -mgpopt=global   -o obj/HAL/src/alt_main.o HAL/src/alt_main.c
Compiling alt_malloc_lock.c...
nios2-elf-gcc -xc -MP -MMD -c  -I./HAL/inc -I. -I./drivers/inc -pipe -D__hal__ -DALT_NO_INSTRUCTION_EMULATION -DALT_SINGLE_THREADED    -O0 -g -Wall  -mno-hw-div -mno-hw-mul -mno-hw-mulx -mgpopt=global   -o obj/HAL/src/alt_malloc_lock.o HAL/src/alt_malloc_lock.c
Compiling alt_mcount.S...
nios2-elf-gcc -MP -MMD -c   -O0 -g -Wall  -mno-hw-div -mno-hw-mul -mno-hw-mulx -mgpopt=global    -I./HAL/inc -I. -I./drivers/inc -pipe -D__hal__ -DALT_NO_INSTRUCTION_EMULATION -DALT_SINGLE_THREADED  -Wa,-gdwarf2  -o obj/HAL/src/alt_mcount.o HAL/src/alt_mcount.S
Compiling alt_open.c...
nios2-elf-gcc -xc -MP -MMD -c  -I./HAL/inc -I. -I./drivers/inc -pipe -D__hal__ -DALT_NO_INSTRUCTION_EMULATION -DALT_SINGLE_THREADED    -O0 -g -Wall  -mno-hw-div -mno-hw-mul -mno-hw-mulx -mgpopt=global   -o obj/HAL/src/alt_open.o HAL/src/alt_open.c
Compiling alt_printf.c...
nios2-elf-gcc -xc -MP -MMD -c  -I./HAL/inc -I. -I./drivers/inc -pipe -D__hal__ -DALT_NO_INSTRUCTION_EMULATION -DALT_SINGLE_THREADED    -O0 -g -Wall  -mno-hw-div -mno-hw-mul -mno-hw-mulx -mgpopt=global   -o obj/HAL/src/alt_printf.o HAL/src/alt_printf.c
Compiling alt_putchar.c...
nios2-elf-gcc -xc -MP -MMD -c  -I./HAL/inc -I. -I./drivers/inc -pipe -D__hal__ -DALT_NO_INSTRUCTION_EMULATION -DALT_SINGLE_THREADED    -O0 -g -Wall  -mno-hw-div -mno-hw-mul -mno-hw-mulx -mgpopt=global   -o obj/HAL/src/alt_putchar.o HAL/src/alt_putchar.c
Compiling alt_putcharbuf.c...
nios2-elf-gcc -xc -MP -MMD -c  -I./HAL/inc -I. -I./drivers/inc -pipe -D__hal__ -DALT_NO_INSTRUCTION_EMULATION -DALT_SINGLE_THREADED    -O0 -g -Wall  -mno-hw-div -mno-hw-mul -mno-hw-mulx -mgpopt=global   -o obj/HAL/src/alt_putcharbuf.o HAL/src/alt_putcharbuf.c
Compiling alt_putstr.c...
nios2-elf-gcc -xc -MP -MMD -c  -I./HAL/inc -I. -I./drivers/inc -pipe -D__hal__ -DALT_NO_INSTRUCTION_EMULATION -DALT_SINGLE_THREADED    -O0 -g -Wall  -mno-hw-div -mno-hw-mul -mno-hw-mulx -mgpopt=global   -o obj/HAL/src/alt_putstr.o HAL/src/alt_putstr.c
Compiling alt_read.c...
nios2-elf-gcc -xc -MP -MMD -c  -I./HAL/inc -I. -I./drivers/inc -pipe -D__hal__ -DALT_NO_INSTRUCTION_EMULATION -DALT_SINGLE_THREADED    -O0 -g -Wall  -mno-hw-div -mno-hw-mul -mno-hw-mulx -mgpopt=global   -o obj/HAL/src/alt_read.o HAL/src/alt_read.c
Compiling alt_release_fd.c...
nios2-elf-gcc -xc -MP -MMD -c  -I./HAL/inc -I. -I./drivers/inc -pipe -D__hal__ -DALT_NO_INSTRUCTION_EMULATION -DALT_SINGLE_THREADED    -O0 -g -Wall  -mno-hw-div -mno-hw-mul -mno-hw-mulx -mgpopt=global   -o obj/HAL/src/alt_release_fd.o HAL/src/alt_release_fd.c
Compiling alt_remap_cached.c...
nios2-elf-gcc -xc -MP -MMD -c  -I./HAL/inc -I. -I./drivers/inc -pipe -D__hal__ -DALT_NO_INSTRUCTION_EMULATION -DALT_SINGLE_THREADED    -O0 -g -Wall  -mno-hw-div -mno-hw-mul -mno-hw-mulx -mgpopt=global   -o obj/HAL/src/alt_remap_cached.o HAL/src/alt_remap_cached.c
Compiling alt_remap_uncached.c...
nios2-elf-gcc -xc -MP -MMD -c  -I./HAL/inc -I. -I./drivers/inc -pipe -D__hal__ -DALT_NO_INSTRUCTION_EMULATION -DALT_SINGLE_THREADED    -O0 -g -Wall  -mno-hw-div -mno-hw-mul -mno-hw-mulx -mgpopt=global   -o obj/HAL/src/alt_remap_uncached.o HAL/src/alt_remap_uncached.c
Compiling alt_rename.c...
nios2-elf-gcc -xc -MP -MMD -c  -I./HAL/inc -I. -I./drivers/inc -pipe -D__hal__ -DALT_NO_INSTRUCTION_EMULATION -DALT_SINGLE_THREADED    -O0 -g -Wall  -mno-hw-div -mno-hw-mul -mno-hw-mulx -mgpopt=global   -o obj/HAL/src/alt_rename.o HAL/src/alt_rename.c
Compiling alt_sbrk.c...
nios2-elf-gcc -xc -MP -MMD -c  -I./HAL/inc -I. -I./drivers/inc -pipe -D__hal__ -DALT_NO_INSTRUCTION_EMULATION -DALT_SINGLE_THREADED    -O0 -g -Wall  -mno-hw-div -mno-hw-mul -mno-hw-mulx -mgpopt=global   -o obj/HAL/src/alt_sbrk.o HAL/src/alt_sbrk.c
Compiling alt_settod.c...
nios2-elf-gcc -xc -MP -MMD -c  -I./HAL/inc -I. -I./drivers/inc -pipe -D__hal__ -DALT_NO_INSTRUCTION_EMULATION -DALT_SINGLE_THREADED    -O0 -g -Wall  -mno-hw-div -mno-hw-mul -mno-hw-mulx -mgpopt=global   -o obj/HAL/src/alt_settod.o HAL/src/alt_settod.c
Compiling alt_software_exception.S...
nios2-elf-gcc -MP -MMD -c   -O0 -g -Wall  -mno-hw-div -mno-hw-mul -mno-hw-mulx -mgpopt=global    -I./HAL/inc -I. -I./drivers/inc -pipe -D__hal__ -DALT_NO_INSTRUCTION_EMULATION -DALT_SINGLE_THREADED  -Wa,-gdwarf2  -o obj/HAL/src/alt_software_exception.o HAL/src/alt_software_exception.S
Compiling alt_stat.c...
nios2-elf-gcc -xc -MP -MMD -c  -I./HAL/inc -I. -I./drivers/inc -pipe -D__hal__ -DALT_NO_INSTRUCTION_EMULATION -DALT_SINGLE_THREADED    -O0 -g -Wall  -mno-hw-div -mno-hw-mul -mno-hw-mulx -mgpopt=global   -o obj/HAL/src/alt_stat.o HAL/src/alt_stat.c
Compiling alt_tick.c...
nios2-elf-gcc -xc -MP -MMD -c  -I./HAL/inc -I. -I./drivers/inc -pipe -D__hal__ -DALT_NO_INSTRUCTION_EMULATION -DALT_SINGLE_THREADED    -O0 -g -Wall  -mno-hw-div -mno-hw-mul -mno-hw-mulx -mgpopt=global   -o obj/HAL/src/alt_tick.o HAL/src/alt_tick.c
Compiling alt_times.c...
nios2-elf-gcc -xc -MP -MMD -c  -I./HAL/inc -I. -I./drivers/inc -pipe -D__hal__ -DALT_NO_INSTRUCTION_EMULATION -DALT_SINGLE_THREADED    -O0 -g -Wall  -mno-hw-div -mno-hw-mul -mno-hw-mulx -mgpopt=global   -o obj/HAL/src/alt_times.o HAL/src/alt_times.c
Compiling alt_uncached_free.c...
nios2-elf-gcc -xc -MP -MMD -c  -I./HAL/inc -I. -I./drivers/inc -pipe -D__hal__ -DALT_NO_INSTRUCTION_EMULATION -DALT_SINGLE_THREADED    -O0 -g -Wall  -mno-hw-div -mno-hw-mul -mno-hw-mulx -mgpopt=global   -o obj/HAL/src/alt_uncached_free.o HAL/src/alt_uncached_free.c
Compiling alt_uncached_malloc.c...
nios2-elf-gcc -xc -MP -MMD -c  -I./HAL/inc -I. -I./drivers/inc -pipe -D__hal__ -DALT_NO_INSTRUCTION_EMULATION -DALT_SINGLE_THREADED    -O0 -g -Wall  -mno-hw-div -mno-hw-mul -mno-hw-mulx -mgpopt=global   -o obj/HAL/src/alt_uncached_malloc.o HAL/src/alt_uncached_malloc.c
Compiling alt_unlink.c...
nios2-elf-gcc -xc -MP -MMD -c  -I./HAL/inc -I. -I./drivers/inc -pipe -D__hal__ -DALT_NO_INSTRUCTION_EMULATION -DALT_SINGLE_THREADED    -O0 -g -Wall  -mno-hw-div -mno-hw-mul -mno-hw-mulx -mgpopt=global   -o obj/HAL/src/alt_unlink.o HAL/src/alt_unlink.c
Compiling alt_usleep.c...
nios2-elf-gcc -xc -MP -MMD -c  -I./HAL/inc -I. -I./drivers/inc -pipe -D__hal__ -DALT_NO_INSTRUCTION_EMULATION -DALT_SINGLE_THREADED    -O0 -g -Wall  -mno-hw-div -mno-hw-mul -mno-hw-mulx -mgpopt=global   -o obj/HAL/src/alt_usleep.o HAL/src/alt_usleep.c
Compiling alt_wait.c...
nios2-elf-gcc -xc -MP -MMD -c  -I./HAL/inc -I. -I./drivers/inc -pipe -D__hal__ -DALT_NO_INSTRUCTION_EMULATION -DALT_SINGLE_THREADED    -O0 -g -Wall  -mno-hw-div -mno-hw-mul -mno-hw-mulx -mgpopt=global   -o obj/HAL/src/alt_wait.o HAL/src/alt_wait.c
Compiling alt_write.c...
nios2-elf-gcc -xc -MP -MMD -c  -I./HAL/inc -I. -I./drivers/inc -pipe -D__hal__ -DALT_NO_INSTRUCTION_EMULATION -DALT_SINGLE_THREADED    -O0 -g -Wall  -mno-hw-div -mno-hw-mul -mno-hw-mulx -mgpopt=global   -o obj/HAL/src/alt_write.o HAL/src/alt_write.c
Compiling altera_nios2_gen2_irq.c...
nios2-elf-gcc -xc -MP -MMD -c  -I./HAL/inc -I. -I./drivers/inc -pipe -D__hal__ -DALT_NO_INSTRUCTION_EMULATION -DALT_SINGLE_THREADED    -O0 -g -Wall  -mno-hw-div -mno-hw-mul -mno-hw-mulx -mgpopt=global   -o obj/HAL/src/altera_nios2_gen2_irq.o HAL/src/altera_nios2_gen2_irq.c
Compiling crt0.S...
nios2-elf-gcc -MP -MMD -c   -O0 -g -Wall  -mno-hw-div -mno-hw-mul -mno-hw-mulx -mgpopt=global    -I./HAL/inc -I. -I./drivers/inc -pipe -D__hal__ -DALT_NO_INSTRUCTION_EMULATION -DALT_SINGLE_THREADED  -Wa,-gdwarf2  -o obj/HAL/src/crt0.o HAL/src/crt0.S
Compiling alt_sys_init.c...
nios2-elf-gcc -xc -MP -MMD -c  -I./HAL/inc -I. -I./drivers/inc -pipe -D__hal__ -DALT_NO_INSTRUCTION_EMULATION -DALT_SINGLE_THREADED    -O0 -g -Wall  -mno-hw-div -mno-hw-mul -mno-hw-mulx -mgpopt=global   -o obj/alt_sys_init.o alt_sys_init.c
Compiling altera_avalon_jtag_uart_fd.c...
nios2-elf-gcc -xc -MP -MMD -c  -I./HAL/inc -I. -I./drivers/inc -pipe -D__hal__ -DALT_NO_INSTRUCTION_EMULATION -DALT_SINGLE_THREADED    -O0 -g -Wall  -mno-hw-div -mno-hw-mul -mno-hw-mulx -mgpopt=global   -o obj/drivers/src/altera_avalon_jtag_uart_fd.o drivers/src/altera_avalon_jtag_uart_fd.c
Compiling altera_avalon_jtag_uart_init.c...
nios2-elf-gcc -xc -MP -MMD -c  -I./HAL/inc -I. -I./drivers/inc -pipe -D__hal__ -DALT_NO_INSTRUCTION_EMULATION -DALT_SINGLE_THREADED    -O0 -g -Wall  -mno-hw-div -mno-hw-mul -mno-hw-mulx -mgpopt=global   -o obj/drivers/src/altera_avalon_jtag_uart_init.o drivers/src/altera_avalon_jtag_uart_init.c
Compiling altera_avalon_jtag_uart_ioctl.c...
nios2-elf-gcc -xc -MP -MMD -c  -I./HAL/inc -I. -I./drivers/inc -pipe -D__hal__ -DALT_NO_INSTRUCTION_EMULATION -DALT_SINGLE_THREADED    -O0 -g -Wall  -mno-hw-div -mno-hw-mul -mno-hw-mulx -mgpopt=global   -o obj/drivers/src/altera_avalon_jtag_uart_ioctl.o drivers/src/altera_avalon_jtag_uart_ioctl.c
Compiling altera_avalon_jtag_uart_read.c...
nios2-elf-gcc -xc -MP -MMD -c  -I./HAL/inc -I. -I./drivers/inc -pipe -D__hal__ -DALT_NO_INSTRUCTION_EMULATION -DALT_SINGLE_THREADED    -O0 -g -Wall  -mno-hw-div -mno-hw-mul -mno-hw-mulx -mgpopt=global   -o obj/drivers/src/altera_avalon_jtag_uart_read.o drivers/src/altera_avalon_jtag_uart_read.c
Compiling altera_avalon_jtag_uart_write.c...
nios2-elf-gcc -xc -MP -MMD -c  -I./HAL/inc -I. -I./drivers/inc -pipe -D__hal__ -DALT_NO_INSTRUCTION_EMULATION -DALT_SINGLE_THREADED    -O0 -g -Wall  -mno-hw-div -mno-hw-mul -mno-hw-mulx -mgpopt=global   -o obj/drivers/src/altera_avalon_jtag_uart_write.o drivers/src/altera_avalon_jtag_uart_write.c
Compiling altera_avalon_sysid_qsys.c...
nios2-elf-gcc -xc -MP -MMD -c  -I./HAL/inc -I. -I./drivers/inc -pipe -D__hal__ -DALT_NO_INSTRUCTION_EMULATION -DALT_SINGLE_THREADED    -O0 -g -Wall  -mno-hw-div -mno-hw-mul -mno-hw-mulx -mgpopt=global   -o obj/drivers/src/altera_avalon_sysid_qsys.o drivers/src/altera_avalon_sysid_qsys.c
Creating libhal_bsp.a...
rm -f -f libhal_bsp.a
nios2-elf-ar -src libhal_bsp.a obj/HAL/src/alt_alarm_start.o obj/HAL/src/alt_busy_sleep.o obj/HAL/src/alt_close.o obj/HAL/src/alt_dcache_flush.o obj/HAL/src/alt_dcache_flush_all.o obj/HAL/src/alt_dcache_flush_no_writeback.o obj/HAL/src/alt_dev.o obj/HAL/src/alt_dev_llist_insert.o obj/HAL/src/alt_dma_rxchan_open.o obj/HAL/src/alt_dma_txchan_open.o obj/HAL/src/alt_do_ctors.o obj/HAL/src/alt_do_dtors.o obj/HAL/src/alt_ecc_fatal_entry.o obj/HAL/src/alt_ecc_fatal_exception.o obj/HAL/src/alt_env_lock.o obj/HAL/src/alt_environ.o obj/HAL/src/alt_errno.o obj/HAL/src/alt_exception_entry.o obj/HAL/src/alt_exception_muldiv.o obj/HAL/src/alt_exception_trap.o obj/HAL/src/alt_execve.o obj/HAL/src/alt_exit.o obj/HAL/src/alt_fcntl.o obj/HAL/src/alt_fd_lock.o obj/HAL/src/alt_fd_unlock.o obj/HAL/src/alt_find_dev.o obj/HAL/src/alt_find_file.o obj/HAL/src/alt_flash_dev.o obj/HAL/src/alt_fork.o obj/HAL/src/alt_fs_reg.o obj/HAL/src/alt_fstat.o obj/HAL/src/alt_get_fd.o obj/HAL/src/alt_getchar.o obj/HAL/src/alt_getpid.o obj/HAL/src/alt_gettod.o obj/HAL/src/alt_gmon.o obj/HAL/src/alt_icache_flush.o obj/HAL/src/alt_icache_flush_all.o obj/HAL/src/alt_iic.o obj/HAL/src/alt_iic_isr_register.o obj/HAL/src/alt_instruction_exception_entry.o obj/HAL/src/alt_instruction_exception_register.o obj/HAL/src/alt_io_redirect.o obj/HAL/src/alt_ioctl.o obj/HAL/src/alt_irq_entry.o obj/HAL/src/alt_irq_handler.o obj/HAL/src/alt_irq_register.o obj/HAL/src/alt_irq_vars.o obj/HAL/src/alt_isatty.o obj/HAL/src/alt_kill.o obj/HAL/src/alt_link.o obj/HAL/src/alt_load.o obj/HAL/src/alt_log_macro.o obj/HAL/src/alt_log_printf.o obj/HAL/src/alt_lseek.o obj/HAL/src/alt_main.o obj/HAL/src/alt_malloc_lock.o obj/HAL/src/alt_mcount.o obj/HAL/src/alt_open.o obj/HAL/src/alt_printf.o obj/HAL/src/alt_putchar.o obj/HAL/src/alt_putcharbuf.o obj/HAL/src/alt_putstr.o obj/HAL/src/alt_read.o obj/HAL/src/alt_release_fd.o obj/HAL/src/alt_remap_cached.o obj/HAL/src/alt_remap_uncached.o obj/HAL/src/alt_rename.o obj/HAL/src/alt_sbrk.o obj/HAL/src/alt_settod.o obj/HAL/src/alt_software_exception.o obj/HAL/src/alt_stat.o obj/HAL/src/alt_tick.o obj/HAL/src/alt_times.o obj/HAL/src/alt_uncached_free.o obj/HAL/src/alt_uncached_malloc.o obj/HAL/src/alt_unlink.o obj/HAL/src/alt_usleep.o obj/HAL/src/alt_wait.o obj/HAL/src/alt_write.o obj/HAL/src/altera_nios2_gen2_irq.o obj/HAL/src/crt0.o obj/alt_sys_init.o obj/drivers/src/altera_avalon_jtag_uart_fd.o obj/drivers/src/altera_avalon_jtag_uart_init.o obj/drivers/src/altera_avalon_jtag_uart_ioctl.o obj/drivers/src/altera_avalon_jtag_uart_read.o obj/drivers/src/altera_avalon_jtag_uart_write.o obj/drivers/src/altera_avalon_sysid_qsys.o
[BSP build complete]
Info: Compiling main.c to obj/default/main.o
nios2-elf-gcc -xc -MP -MMD -c -I../Lab9_bsp//HAL/inc -I../Lab9_bsp/ -I../Lab9_bsp//drivers/inc  -pipe -D__hal__ -DALT_NO_INSTRUCTION_EMULATION -DALT_SINGLE_THREADED    -O0 -g -Wall   -mno-hw-div -mno-hw-mul -mno-hw-mulx -mgpopt=global  -o obj/default/main.o main.c
main.c: In function 'KeyExpansion':
main.c:70:8: warning: assignment makes pointer from integer without a cast [-Wint-conversion]
   temp = w[i - 1];
        ^
main.c:72:11: warning: implicit declaration of function 'SubWord' [-Wimplicit-function-declaration]
    temp = SubWord(RotWord(temp)) ^ Rcon[i/Nk];
           ^
main.c:72:19: warning: implicit declaration of function 'RotWord' [-Wimplicit-function-declaration]
    temp = SubWord(RotWord(temp)) ^ Rcon[i/Nk];
                   ^
main.c:72:9: warning: assignment makes pointer from integer without a cast [-Wint-conversion]
    temp = SubWord(RotWord(temp)) ^ Rcon[i/Nk];
         ^
main.c:74:20: error: invalid operands to binary ^ (have 'long unsigned int' and 'long unsigned int *')
   w[i] = w[i - Nk] ^ temp;
                    ^
main.c: At top level:
main.c:79:15: error: conflicting types for 'SubWord'
 unsigned long SubWord(unsigned long word){
               ^
main.c:72:11: note: previous implicit declaration of 'SubWord' was here
    temp = SubWord(RotWord(temp)) ^ Rcon[i/Nk];
           ^
main.c:88:15: error: conflicting types for 'RotWord'
 unsigned long RotWord(unsigned long * word){
               ^
main.c:72:19: note: previous implicit declaration of 'RotWord' was here
    temp = SubWord(RotWord(temp)) ^ Rcon[i/Nk];
                   ^
main.c: In function 'encrypt':
main.c:219:2: warning: implicit declaration of function 'keyExpansion' [-Wimplicit-function-declaration]
  keyExpansion(tempKey, roundkey);
  ^
main.c:220:2: warning: implicit declaration of function 'addRoundKey' [-Wimplicit-function-declaration]
  addRoundKey(tempState, roundkey);
  ^
main.c:224:2: warning: implicit declaration of function 'subBytes' [-Wimplicit-function-declaration]
  subBytes(tempState);
  ^
main.c:225:2: warning: implicit declaration of function 'shiftRows' [-Wimplicit-function-declaration]
  shiftRows(tempState);
  ^
main.c: In function 'main':
main.c:282:34: warning: passing argument 3 of 'encrypt' from incompatible pointer type [-Wincompatible-pointer-types]
    encrypt(msg_ascii, key_ascii, msg_enc, key);
                                  ^
main.c:195:6: note: expected 'long unsigned int *' but argument is of type 'unsigned int *'
 void encrypt(unsigned char * plaintext_asc, unsigned char * key_asc, unsigned long * state, unsigned long * key)
      ^
main.c:282:43: warning: passing argument 4 of 'encrypt' from incompatible pointer type [-Wincompatible-pointer-types]
    encrypt(msg_ascii, key_ascii, msg_enc, key);
                                           ^
main.c:195:6: note: expected 'long unsigned int *' but argument is of type 'unsigned int *'
 void encrypt(unsigned char * plaintext_asc, unsigned char * key_asc, unsigned long * state, unsigned long * key)
      ^
main.c:308:34: warning: passing argument 3 of 'encrypt' from incompatible pointer type [-Wincompatible-pointer-types]
    encrypt(msg_ascii, key_ascii, msg_enc, key);
                                  ^
main.c:195:6: note: expected 'long unsigned int *' but argument is of type 'unsigned int *'
 void encrypt(unsigned char * plaintext_asc, unsigned char * key_asc, unsigned long * state, unsigned long * key)
      ^
main.c:308:43: warning: passing argument 4 of 'encrypt' from incompatible pointer type [-Wincompatible-pointer-types]
    encrypt(msg_ascii, key_ascii, msg_enc, key);
                                           ^
main.c:195:6: note: expected 'long unsigned int *' but argument is of type 'unsigned int *'
 void encrypt(unsigned char * plaintext_asc, unsigned char * key_asc, unsigned long * state, unsigned long * key)
      ^
make: *** [obj/default/main.o] Error 1
21:15:16 **** Build of configuration Nios II for project Lab9_bsp ****
make all 
[BSP build complete]
21:15:22 **** Incremental Build of configuration Nios II for project Lab9 ****
make all 
Info: Building ../Lab9_bsp/
C:/intelFPGA_lite/18.1/nios2eds/bin/gnu/H-x86_64-mingw32/bin/make --no-print-directory -C ../Lab9_bsp/
[BSP build complete]
Info: Compiling main.c to obj/default/main.o
nios2-elf-gcc -xc -MP -MMD -c -I../Lab9_bsp//HAL/inc -I../Lab9_bsp/ -I../Lab9_bsp//drivers/inc  -pipe -D__hal__ -DALT_NO_INSTRUCTION_EMULATION -DALT_SINGLE_THREADED    -O0 -g -Wall   -mno-hw-div -mno-hw-mul -mno-hw-mulx -mgpopt=global  -o obj/default/main.o main.c
main.c: In function 'KeyExpansion':
main.c:70:8: warning: assignment makes pointer from integer without a cast [-Wint-conversion]
   temp = w[i - 1];
        ^
main.c:72:11: warning: implicit declaration of function 'SubWord' [-Wimplicit-function-declaration]
    temp = SubWord(RotWord(temp)) ^ Rcon[i/Nk];
           ^
main.c:72:19: warning: implicit declaration of function 'RotWord' [-Wimplicit-function-declaration]
    temp = SubWord(RotWord(temp)) ^ Rcon[i/Nk];
                   ^
main.c:72:9: warning: assignment makes pointer from integer without a cast [-Wint-conversion]
    temp = SubWord(RotWord(temp)) ^ Rcon[i/Nk];
         ^
main.c:74:20: error: invalid operands to binary ^ (have 'long unsigned int' and 'long unsigned int *')
   w[i] = w[i - Nk] ^ temp;
                    ^
main.c: At top level:
main.c:79:15: error: conflicting types for 'SubWord'
 unsigned long SubWord(unsigned long word){
               ^
main.c:72:11: note: previous implicit declaration of 'SubWord' was here
    temp = SubWord(RotWord(temp)) ^ Rcon[i/Nk];
           ^
main.c:88:15: error: conflicting types for 'RotWord'
 unsigned long RotWord(unsigned long * word){
               ^
main.c:72:19: note: previous implicit declaration of 'RotWord' was here
    temp = SubWord(RotWord(temp)) ^ Rcon[i/Nk];
                   ^
main.c: In function 'encrypt':
main.c:219:2: warning: implicit declaration of function 'keyExpansion' [-Wimplicit-function-declaration]
  keyExpansion(tempKey, roundkey);
  ^
main.c:220:2: warning: implicit declaration of function 'addRoundKey' [-Wimplicit-function-declaration]
  addRoundKey(tempState, roundkey);
  ^
main.c:224:2: warning: implicit declaration of function 'subBytes' [-Wimplicit-function-declaration]
  subBytes(tempState);
  ^
main.c:225:2: warning: implicit declaration of function 'shiftRows' [-Wimplicit-function-declaration]
  shiftRows(tempState);
  ^
main.c: In function 'main':
main.c:282:34: warning: passing argument 3 of 'encrypt' from incompatible pointer type [-Wincompatible-pointer-types]
    encrypt(msg_ascii, key_ascii, msg_enc, key);
                                  ^
main.c:195:6: note: expected 'long unsigned int *' but argument is of type 'unsigned int *'
 void encrypt(unsigned char * plaintext_asc, unsigned char * key_asc, unsigned long * state, unsigned long * key)
      ^
main.c:282:43: warning: passing argument 4 of 'encrypt' from incompatible pointer type [-Wincompatible-pointer-types]
    encrypt(msg_ascii, key_ascii, msg_enc, key);
                                           ^
main.c:195:6: note: expected 'long unsigned int *' but argument is of type 'unsigned int *'
 void encrypt(unsigned char * plaintext_asc, unsigned char * key_asc, unsigned long * state, unsigned long * key)
      ^
main.c:308:34: warning: passing argument 3 of 'encrypt' from incompatible pointer type [-Wincompatible-pointer-types]
    encrypt(msg_ascii, key_ascii, msg_enc, key);
                                  ^
main.c:195:6: note: expected 'long unsigned int *' but argument is of type 'unsigned int *'
 void encrypt(unsigned char * plaintext_asc, unsigned char * key_asc, unsigned long * state, unsigned long * key)
      ^
main.c:308:43: warning: passing argument 4 of 'encrypt' from incompatible pointer type [-Wincompatible-pointer-types]
    encrypt(msg_ascii, key_ascii, msg_enc, key);
                                           ^
main.c:195:6: note: expected 'long unsigned int *' but argument is of type 'unsigned int *'
 void encrypt(unsigned char * plaintext_asc, unsigned char * key_asc, unsigned long * state, unsigned long * key)
      ^
make: *** [obj/default/main.o] Error 1
21:15:23 **** Incremental Build of configuration Nios II for project Lab9_bsp ****
make all 
[BSP build complete]
21:15:25 **** Incremental Build of configuration Nios II for project Lab9 ****
make all 
Info: Building ../Lab9_bsp/
C:/intelFPGA_lite/18.1/nios2eds/bin/gnu/H-x86_64-mingw32/bin/make --no-print-directory -C ../Lab9_bsp/
[BSP build complete]
Info: Compiling main.c to obj/default/main.o
nios2-elf-gcc -xc -MP -MMD -c -I../Lab9_bsp//HAL/inc -I../Lab9_bsp/ -I../Lab9_bsp//drivers/inc  -pipe -D__hal__ -DALT_NO_INSTRUCTION_EMULATION -DALT_SINGLE_THREADED    -O0 -g -Wall   -mno-hw-div -mno-hw-mul -mno-hw-mulx -mgpopt=global  -o obj/default/main.o main.c
main.c: In function 'KeyExpansion':
main.c:70:8: warning: assignment makes pointer from integer without a cast [-Wint-conversion]
   temp = w[i - 1];
        ^
main.c:72:11: warning: implicit declaration of function 'SubWord' [-Wimplicit-function-declaration]
    temp = SubWord(RotWord(temp)) ^ Rcon[i/Nk];
           ^
main.c:72:19: warning: implicit declaration of function 'RotWord' [-Wimplicit-function-declaration]
    temp = SubWord(RotWord(temp)) ^ Rcon[i/Nk];
                   ^
main.c:72:9: warning: assignment makes pointer from integer without a cast [-Wint-conversion]
    temp = SubWord(RotWord(temp)) ^ Rcon[i/Nk];
         ^
main.c:74:20: error: invalid operands to binary ^ (have 'long unsigned int' and 'long unsigned int *')
   w[i] = w[i - Nk] ^ temp;
                    ^
main.c: At top level:
main.c:79:15: error: conflicting types for 'SubWord'
 unsigned long SubWord(unsigned long word){
               ^
main.c:72:11: note: previous implicit declaration of 'SubWord' was here
    temp = SubWord(RotWord(temp)) ^ Rcon[i/Nk];
           ^
main.c:88:15: error: conflicting types for 'RotWord'
 unsigned long RotWord(unsigned long * word){
               ^
main.c:72:19: note: previous implicit declaration of 'RotWord' was here
    temp = SubWord(RotWord(temp)) ^ Rcon[i/Nk];
                   ^
main.c: In function 'encrypt':
main.c:219:2: warning: implicit declaration of function 'keyExpansion' [-Wimplicit-function-declaration]
  keyExpansion(tempKey, roundkey);
  ^
main.c:220:2: warning: implicit declaration of function 'addRoundKey' [-Wimplicit-function-declaration]
  addRoundKey(tempState, roundkey);
  ^
main.c:224:2: warning: implicit declaration of function 'subBytes' [-Wimplicit-function-declaration]
  subBytes(tempState);
  ^
main.c:225:2: warning: implicit declaration of function 'shiftRows' [-Wimplicit-function-declaration]
  shiftRows(tempState);
  ^
main.c: In function 'main':
main.c:282:34: warning: passing argument 3 of 'encrypt' from incompatible pointer type [-Wincompatible-pointer-types]
    encrypt(msg_ascii, key_ascii, msg_enc, key);
                                  ^
main.c:195:6: note: expected 'long unsigned int *' but argument is of type 'unsigned int *'
 void encrypt(unsigned char * plaintext_asc, unsigned char * key_asc, unsigned long * state, unsigned long * key)
      ^
main.c:282:43: warning: passing argument 4 of 'encrypt' from incompatible pointer type [-Wincompatible-pointer-types]
    encrypt(msg_ascii, key_ascii, msg_enc, key);
                                           ^
main.c:195:6: note: expected 'long unsigned int *' but argument is of type 'unsigned int *'
 void encrypt(unsigned char * plaintext_asc, unsigned char * key_asc, unsigned long * state, unsigned long * key)
      ^
main.c:308:34: warning: passing argument 3 of 'encrypt' from incompatible pointer type [-Wincompatible-pointer-types]
    encrypt(msg_ascii, key_ascii, msg_enc, key);
                                  ^
main.c:195:6: note: expected 'long unsigned int *' but argument is of type 'unsigned int *'
 void encrypt(unsigned char * plaintext_asc, unsigned char * key_asc, unsigned long * state, unsigned long * key)
      ^
main.c:308:43: warning: passing argument 4 of 'encrypt' from incompatible pointer type [-Wincompatible-pointer-types]
    encrypt(msg_ascii, key_ascii, msg_enc, key);
                                           ^
main.c:195:6: note: expected 'long unsigned int *' but argument is of type 'unsigned int *'
 void encrypt(unsigned char * plaintext_asc, unsigned char * key_asc, unsigned long * state, unsigned long * key)
      ^
make: *** [obj/default/main.o] Error 1
21:15:26 **** Incremental Build of configuration Nios II for project Lab9_bsp ****
make all 
[BSP build complete]
21:21:47 **** Incremental Build of configuration Nios II for project Lab9 ****
make all 
Info: Building ../Lab9_bsp/
C:/intelFPGA_lite/18.1/nios2eds/bin/gnu/H-x86_64-mingw32/bin/make --no-print-directory -C ../Lab9_bsp/
[BSP build complete]
Info: Compiling main.c to obj/default/main.o
nios2-elf-gcc -xc -MP -MMD -c -I../Lab9_bsp//HAL/inc -I../Lab9_bsp/ -I../Lab9_bsp//drivers/inc  -pipe -D__hal__ -DALT_NO_INSTRUCTION_EMULATION -DALT_SINGLE_THREADED    -O0 -g -Wall   -mno-hw-div -mno-hw-mul -mno-hw-mulx -mgpopt=global  -o obj/default/main.o main.c
main.c: In function 'KeyExpansion':
main.c:70:8: warning: assignment makes pointer from integer without a cast [-Wint-conversion]
   temp = w[i - 1];
        ^
main.c:72:11: warning: implicit declaration of function 'SubWord' [-Wimplicit-function-declaration]
    temp = SubWord(RotWord(temp)) ^ Rcon[i/Nk];
           ^
main.c:72:19: warning: implicit declaration of function 'RotWord' [-Wimplicit-function-declaration]
    temp = SubWord(RotWord(temp)) ^ Rcon[i/Nk];
                   ^
main.c:72:9: warning: assignment makes pointer from integer without a cast [-Wint-conversion]
    temp = SubWord(RotWord(temp)) ^ Rcon[i/Nk];
         ^
main.c:74:20: error: invalid operands to binary ^ (have 'long unsigned int' and 'long unsigned int *')
   w[i] = w[i - Nk] ^ temp;
                    ^
main.c: At top level:
main.c:79:15: error: conflicting types for 'SubWord'
 unsigned long SubWord(unsigned long word){
               ^
main.c:72:11: note: previous implicit declaration of 'SubWord' was here
    temp = SubWord(RotWord(temp)) ^ Rcon[i/Nk];
           ^
main.c:88:15: error: conflicting types for 'RotWord'
 unsigned long RotWord(unsigned long * word){
               ^
main.c:72:19: note: previous implicit declaration of 'RotWord' was here
    temp = SubWord(RotWord(temp)) ^ Rcon[i/Nk];
                   ^
main.c: In function 'encrypt':
main.c:219:2: warning: implicit declaration of function 'keyExpansion' [-Wimplicit-function-declaration]
  keyExpansion(tempKey, roundkey);
  ^
main.c:220:2: warning: implicit declaration of function 'addRoundKey' [-Wimplicit-function-declaration]
  addRoundKey(tempState, roundkey);
  ^
main.c:224:2: warning: implicit declaration of function 'subBytes' [-Wimplicit-function-declaration]
  subBytes(tempState);
  ^
main.c:225:2: warning: implicit declaration of function 'shiftRows' [-Wimplicit-function-declaration]
  shiftRows(tempState);
  ^
main.c: In function 'main':
main.c:282:34: warning: passing argument 3 of 'encrypt' from incompatible pointer type [-Wincompatible-pointer-types]
    encrypt(msg_ascii, key_ascii, msg_enc, key);
                                  ^
main.c:195:6: note: expected 'long unsigned int *' but argument is of type 'unsigned int *'
 void encrypt(unsigned char * plaintext_asc, unsigned char * key_asc, unsigned long * state, unsigned long * key)
      ^
main.c:282:43: warning: passing argument 4 of 'encrypt' from incompatible pointer type [-Wincompatible-pointer-types]
    encrypt(msg_ascii, key_ascii, msg_enc, key);
                                           ^
main.c:195:6: note: expected 'long unsigned int *' but argument is of type 'unsigned int *'
 void encrypt(unsigned char * plaintext_asc, unsigned char * key_asc, unsigned long * state, unsigned long * key)
      ^
main.c:308:34: warning: passing argument 3 of 'encrypt' from incompatible pointer type [-Wincompatible-pointer-types]
    encrypt(msg_ascii, key_ascii, msg_enc, key);
                                  ^
main.c:195:6: note: expected 'long unsigned int *' but argument is of type 'unsigned int *'
 void encrypt(unsigned char * plaintext_asc, unsigned char * key_asc, unsigned long * state, unsigned long * key)
      ^
main.c:308:43: warning: passing argument 4 of 'encrypt' from incompatible pointer type [-Wincompatible-pointer-types]
    encrypt(msg_ascii, key_ascii, msg_enc, key);
                                           ^
main.c:195:6: note: expected 'long unsigned int *' but argument is of type 'unsigned int *'
 void encrypt(unsigned char * plaintext_asc, unsigned char * key_asc, unsigned long * state, unsigned long * key)
      ^
make: *** [obj/default/main.o] Error 1
21:21:49 **** Incremental Build of configuration Nios II for project Lab9_bsp ****
make all 
[BSP build complete]
21:21:52 **** Incremental Build of configuration Nios II for project Lab9 ****
make all 
Info: Building ../Lab9_bsp/
C:/intelFPGA_lite/18.1/nios2eds/bin/gnu/H-x86_64-mingw32/bin/make --no-print-directory -C ../Lab9_bsp/
[BSP build complete]
Info: Compiling main.c to obj/default/main.o
nios2-elf-gcc -xc -MP -MMD -c -I../Lab9_bsp//HAL/inc -I../Lab9_bsp/ -I../Lab9_bsp//drivers/inc  -pipe -D__hal__ -DALT_NO_INSTRUCTION_EMULATION -DALT_SINGLE_THREADED    -O0 -g -Wall   -mno-hw-div -mno-hw-mul -mno-hw-mulx -mgpopt=global  -o obj/default/main.o main.c
main.c: In function 'KeyExpansion':
main.c:70:8: warning: assignment makes pointer from integer without a cast [-Wint-conversion]
   temp = w[i - 1];
        ^
main.c:72:11: warning: implicit declaration of function 'SubWord' [-Wimplicit-function-declaration]
    temp = SubWord(RotWord(temp)) ^ Rcon[i/Nk];
           ^
main.c:72:19: warning: implicit declaration of function 'RotWord' [-Wimplicit-function-declaration]
    temp = SubWord(RotWord(temp)) ^ Rcon[i/Nk];
                   ^
main.c:72:9: warning: assignment makes pointer from integer without a cast [-Wint-conversion]
    temp = SubWord(RotWord(temp)) ^ Rcon[i/Nk];
         ^
main.c:74:20: error: invalid operands to binary ^ (have 'long unsigned int' and 'long unsigned int *')
   w[i] = w[i - Nk] ^ temp;
                    ^
main.c: At top level:
main.c:79:15: error: conflicting types for 'SubWord'
 unsigned long SubWord(unsigned long word){
               ^
main.c:72:11: note: previous implicit declaration of 'SubWord' was here
    temp = SubWord(RotWord(temp)) ^ Rcon[i/Nk];
           ^
main.c:88:15: error: conflicting types for 'RotWord'
 unsigned long RotWord(unsigned long * word){
               ^
main.c:72:19: note: previous implicit declaration of 'RotWord' was here
    temp = SubWord(RotWord(temp)) ^ Rcon[i/Nk];
                   ^
main.c: In function 'encrypt':
main.c:219:2: warning: implicit declaration of function 'keyExpansion' [-Wimplicit-function-declaration]
  keyExpansion(tempKey, roundkey);
  ^
main.c:220:2: warning: implicit declaration of function 'addRoundKey' [-Wimplicit-function-declaration]
  addRoundKey(tempState, roundkey);
  ^
main.c:224:2: warning: implicit declaration of function 'subBytes' [-Wimplicit-function-declaration]
  subBytes(tempState);
  ^
main.c:225:2: warning: implicit declaration of function 'shiftRows' [-Wimplicit-function-declaration]
  shiftRows(tempState);
  ^
main.c: In function 'main':
main.c:282:34: warning: passing argument 3 of 'encrypt' from incompatible pointer type [-Wincompatible-pointer-types]
    encrypt(msg_ascii, key_ascii, msg_enc, key);
                                  ^
main.c:195:6: note: expected 'long unsigned int *' but argument is of type 'unsigned int *'
 void encrypt(unsigned char * plaintext_asc, unsigned char * key_asc, unsigned long * state, unsigned long * key)
      ^
main.c:282:43: warning: passing argument 4 of 'encrypt' from incompatible pointer type [-Wincompatible-pointer-types]
    encrypt(msg_ascii, key_ascii, msg_enc, key);
                                           ^
main.c:195:6: note: expected 'long unsigned int *' but argument is of type 'unsigned int *'
 void encrypt(unsigned char * plaintext_asc, unsigned char * key_asc, unsigned long * state, unsigned long * key)
      ^
main.c:308:34: warning: passing argument 3 of 'encrypt' from incompatible pointer type [-Wincompatible-pointer-types]
    encrypt(msg_ascii, key_ascii, msg_enc, key);
                                  ^
main.c:195:6: note: expected 'long unsigned int *' but argument is of type 'unsigned int *'
 void encrypt(unsigned char * plaintext_asc, unsigned char * key_asc, unsigned long * state, unsigned long * key)
      ^
main.c:308:43: warning: passing argument 4 of 'encrypt' from incompatible pointer type [-Wincompatible-pointer-types]
    encrypt(msg_ascii, key_ascii, msg_enc, key);
                                           ^
main.c:195:6: note: expected 'long unsigned int *' but argument is of type 'unsigned int *'
 void encrypt(unsigned char * plaintext_asc, unsigned char * key_asc, unsigned long * state, unsigned long * key)
      ^
make: *** [obj/default/main.o] Error 1
21:21:53 **** Incremental Build of configuration Nios II for project Lab9_bsp ****
make all 
[BSP build complete]
21:24:09 **** Incremental Build of configuration Nios II for project Lab9 ****
make all 
Info: Building ../Lab9_bsp/
C:/intelFPGA_lite/18.1/nios2eds/bin/gnu/H-x86_64-mingw32/bin/make --no-print-directory -C ../Lab9_bsp/
[BSP build complete]
Info: Compiling main.c to obj/default/main.o
nios2-elf-gcc -xc -MP -MMD -c -I../Lab9_bsp//HAL/inc -I../Lab9_bsp/ -I../Lab9_bsp//drivers/inc  -pipe -D__hal__ -DALT_NO_INSTRUCTION_EMULATION -DALT_SINGLE_THREADED    -O0 -g -Wall   -mno-hw-div -mno-hw-mul -mno-hw-mulx -mgpopt=global  -o obj/default/main.o main.c
main.c: In function 'KeyExpansion':
main.c:94:27: warning: passing argument 1 of 'RotWord' makes pointer from integer without a cast [-Wint-conversion]
    temp = SubWord(RotWord(temp)) ^ Rcon[i/Nk];
                           ^
main.c:70:15: note: expected 'long unsigned int *' but argument is of type 'long unsigned int'
 unsigned long RotWord(unsigned long * word){
               ^
main.c: In function 'encrypt':
main.c:222:2: warning: implicit declaration of function 'keyExpansion' [-Wimplicit-function-declaration]
  keyExpansion(tempKey, roundkey);
  ^
main.c:223:2: warning: implicit declaration of function 'addRoundKey' [-Wimplicit-function-declaration]
  addRoundKey(tempState, roundkey);
  ^
main.c:227:2: warning: implicit declaration of function 'subBytes' [-Wimplicit-function-declaration]
  subBytes(tempState);
  ^
main.c:228:2: warning: implicit declaration of function 'shiftRows' [-Wimplicit-function-declaration]
  shiftRows(tempState);
  ^
main.c: In function 'main':
main.c:285:34: warning: passing argument 3 of 'encrypt' from incompatible pointer type [-Wincompatible-pointer-types]
    encrypt(msg_ascii, key_ascii, msg_enc, key);
                                  ^
main.c:198:6: note: expected 'long unsigned int *' but argument is of type 'unsigned int *'
 void encrypt(unsigned char * plaintext_asc, unsigned char * key_asc, unsigned long * state, unsigned long * key)
      ^
main.c:285:43: warning: passing argument 4 of 'encrypt' from incompatible pointer type [-Wincompatible-pointer-types]
    encrypt(msg_ascii, key_ascii, msg_enc, key);
                                           ^
main.c:198:6: note: expected 'long unsigned int *' but argument is of type 'unsigned int *'
 void encrypt(unsigned char * plaintext_asc, unsigned char * key_asc, unsigned long * state, unsigned long * key)
      ^
main.c:311:34: warning: passing argument 3 of 'encrypt' from incompatible pointer type [-Wincompatible-pointer-types]
    encrypt(msg_ascii, key_ascii, msg_enc, key);
                                  ^
main.c:198:6: note: expected 'long unsigned int *' but argument is of type 'unsigned int *'
 void encrypt(unsigned char * plaintext_asc, unsigned char * key_asc, unsigned long * state, unsigned long * key)
      ^
main.c:311:43: warning: passing argument 4 of 'encrypt' from incompatible pointer type [-Wincompatible-pointer-types]
    encrypt(msg_ascii, key_ascii, msg_enc, key);
                                           ^
main.c:198:6: note: expected 'long unsigned int *' but argument is of type 'unsigned int *'
 void encrypt(unsigned char * plaintext_asc, unsigned char * key_asc, unsigned long * state, unsigned long * key)
      ^
Info: Linking Lab9.elf
nios2-elf-g++  -T'../Lab9_bsp//linker.x' -msys-crt0='../Lab9_bsp//obj/HAL/src/crt0.o' -msys-lib=hal_bsp -L../Lab9_bsp/   -Wl,-Map=Lab9.map   -O0 -g -Wall   -mno-hw-div -mno-hw-mul -mno-hw-mulx -mgpopt=global  -o Lab9.elf obj/default/main.o -lm -msys-lib=m
obj/default/main.o: In function `encrypt':
C:\Users\nick1\Documents\GitHub\ECE385\Lab9\software\Lab9/main.c:222: undefined reference to `keyExpansion'
C:\Users\nick1\Documents\GitHub\ECE385\Lab9\software\Lab9/main.c:223: undefined reference to `addRoundKey'
C:\Users\nick1\Documents\GitHub\ECE385\Lab9\software\Lab9/main.c:227: undefined reference to `subBytes'
C:\Users\nick1\Documents\GitHub\ECE385\Lab9\software\Lab9/main.c:228: undefined reference to `shiftRows'
C:\Users\nick1\Documents\GitHub\ECE385\Lab9\software\Lab9/main.c:230: undefined reference to `addRoundKey'
C:\Users\nick1\Documents\GitHub\ECE385\Lab9\software\Lab9/main.c:234: undefined reference to `subBytes'
C:\Users\nick1\Documents\GitHub\ECE385\Lab9\software\Lab9/main.c:235: undefined reference to `shiftRows'
C:\Users\nick1\Documents\GitHub\ECE385\Lab9\software\Lab9/main.c:236: undefined reference to `addRoundKey'
collect2.exe: error: ld returned 1 exit status
make: *** [Lab9.elf] Error 1
21:24:11 **** Incremental Build of configuration Nios II for project Lab9_bsp ****
make all 
[BSP build complete]
21:25:28 **** Incremental Build of configuration Nios II for project Lab9 ****
make all 
Info: Building ../Lab9_bsp/
C:/intelFPGA_lite/18.1/nios2eds/bin/gnu/H-x86_64-mingw32/bin/make --no-print-directory -C ../Lab9_bsp/
[BSP build complete]
Info: Compiling main.c to obj/default/main.o
nios2-elf-gcc -xc -MP -MMD -c -I../Lab9_bsp//HAL/inc -I../Lab9_bsp/ -I../Lab9_bsp//drivers/inc  -pipe -D__hal__ -DALT_NO_INSTRUCTION_EMULATION -DALT_SINGLE_THREADED    -O0 -g -Wall   -mno-hw-div -mno-hw-mul -mno-hw-mulx -mgpopt=global  -o obj/default/main.o main.c
main.c: In function 'KeyExpansion':
main.c:94:27: warning: passing argument 1 of 'RotWord' makes pointer from integer without a cast [-Wint-conversion]
    temp = SubWord(RotWord(temp)) ^ Rcon[i/Nk];
                           ^
main.c:70:15: note: expected 'long unsigned int *' but argument is of type 'long unsigned int'
 unsigned long RotWord(unsigned long * word){
               ^
main.c: In function 'encrypt':
main.c:222:2: error: too few arguments to function 'KeyExpansion'
  KeyExpansion(tempKey, roundkey);
  ^
main.c:83:6: note: declared here
 void KeyExpansion(unsigned char* key, unsigned long* w, unsigned Nk){
      ^
main.c: In function 'main':
main.c:285:34: warning: passing argument 3 of 'encrypt' from incompatible pointer type [-Wincompatible-pointer-types]
    encrypt(msg_ascii, key_ascii, msg_enc, key);
                                  ^
main.c:198:6: note: expected 'long unsigned int *' but argument is of type 'unsigned int *'
 void encrypt(unsigned char * plaintext_asc, unsigned char * key_asc, unsigned long * state, unsigned long * key)
      ^
main.c:285:43: warning: passing argument 4 of 'encrypt' from incompatible pointer type [-Wincompatible-pointer-types]
    encrypt(msg_ascii, key_ascii, msg_enc, key);
                                           ^
main.c:198:6: note: expected 'long unsigned int *' but argument is of type 'unsigned int *'
 void encrypt(unsigned char * plaintext_asc, unsigned char * key_asc, unsigned long * state, unsigned long * key)
      ^
main.c:311:34: warning: passing argument 3 of 'encrypt' from incompatible pointer type [-Wincompatible-pointer-types]
    encrypt(msg_ascii, key_ascii, msg_enc, key);
                                  ^
main.c:198:6: note: expected 'long unsigned int *' but argument is of type 'unsigned int *'
 void encrypt(unsigned char * plaintext_asc, unsigned char * key_asc, unsigned long * state, unsigned long * key)
      ^
main.c:311:43: warning: passing argument 4 of 'encrypt' from incompatible pointer type [-Wincompatible-pointer-types]
    encrypt(msg_ascii, key_ascii, msg_enc, key);
                                           ^
main.c:198:6: note: expected 'long unsigned int *' but argument is of type 'unsigned int *'
 void encrypt(unsigned char * plaintext_asc, unsigned char * key_asc, unsigned long * state, unsigned long * key)
      ^
make: *** [obj/default/main.o] Error 1
21:25:29 **** Incremental Build of configuration Nios II for project Lab9_bsp ****
make all 
[BSP build complete]
21:25:54 **** Incremental Build of configuration Nios II for project Lab9 ****
make all 
Info: Building ../Lab9_bsp/
C:/intelFPGA_lite/18.1/nios2eds/bin/gnu/H-x86_64-mingw32/bin/make --no-print-directory -C ../Lab9_bsp/
[BSP build complete]
Info: Compiling main.c to obj/default/main.o
nios2-elf-gcc -xc -MP -MMD -c -I../Lab9_bsp//HAL/inc -I../Lab9_bsp/ -I../Lab9_bsp//drivers/inc  -pipe -D__hal__ -DALT_NO_INSTRUCTION_EMULATION -DALT_SINGLE_THREADED    -O0 -g -Wall   -mno-hw-div -mno-hw-mul -mno-hw-mulx -mgpopt=global  -o obj/default/main.o main.c
main.c: In function 'KeyExpansion':
main.c:94:27: warning: passing argument 1 of 'RotWord' makes pointer from integer without a cast [-Wint-conversion]
    temp = SubWord(RotWord(temp)) ^ Rcon[i/Nk];
                           ^
main.c:70:15: note: expected 'long unsigned int *' but argument is of type 'long unsigned int'
 unsigned long RotWord(unsigned long * word){
               ^
main.c: In function 'main':
main.c:285:34: warning: passing argument 3 of 'encrypt' from incompatible pointer type [-Wincompatible-pointer-types]
    encrypt(msg_ascii, key_ascii, msg_enc, key);
                                  ^
main.c:198:6: note: expected 'long unsigned int *' but argument is of type 'unsigned int *'
 void encrypt(unsigned char * plaintext_asc, unsigned char * key_asc, unsigned long * state, unsigned long * key)
      ^
main.c:285:43: warning: passing argument 4 of 'encrypt' from incompatible pointer type [-Wincompatible-pointer-types]
    encrypt(msg_ascii, key_ascii, msg_enc, key);
                                           ^
main.c:198:6: note: expected 'long unsigned int *' but argument is of type 'unsigned int *'
 void encrypt(unsigned char * plaintext_asc, unsigned char * key_asc, unsigned long * state, unsigned long * key)
      ^
main.c:311:34: warning: passing argument 3 of 'encrypt' from incompatible pointer type [-Wincompatible-pointer-types]
    encrypt(msg_ascii, key_ascii, msg_enc, key);
                                  ^
main.c:198:6: note: expected 'long unsigned int *' but argument is of type 'unsigned int *'
 void encrypt(unsigned char * plaintext_asc, unsigned char * key_asc, unsigned long * state, unsigned long * key)
      ^
main.c:311:43: warning: passing argument 4 of 'encrypt' from incompatible pointer type [-Wincompatible-pointer-types]
    encrypt(msg_ascii, key_ascii, msg_enc, key);
                                           ^
main.c:198:6: note: expected 'long unsigned int *' but argument is of type 'unsigned int *'
 void encrypt(unsigned char * plaintext_asc, unsigned char * key_asc, unsigned long * state, unsigned long * key)
      ^
Info: Linking Lab9.elf
nios2-elf-g++  -T'../Lab9_bsp//linker.x' -msys-crt0='../Lab9_bsp//obj/HAL/src/crt0.o' -msys-lib=hal_bsp -L../Lab9_bsp/   -Wl,-Map=Lab9.map   -O0 -g -Wall   -mno-hw-div -mno-hw-mul -mno-hw-mulx -mgpopt=global  -o Lab9.elf obj/default/main.o -lm -msys-lib=m
nios2-elf-insert Lab9.elf --thread_model hal --cpu_name nios2_gen2_0 --qsys true --simulation_enabled false --id 0 --sidp 0x98 --timestamp 1572312221 --stderr_dev jtag_uart_0 --stdin_dev jtag_uart_0 --stdout_dev jtag_uart_0 --sopc_system_name lab9_soc --quartus_project_dir "C:/Users/nick1/Documents/GitHub/ECE385/Lab9" --jdi ../..//output_files/ECE385_LAB_9.jdi --sopcinfo C:/Users/nick1/Documents/GitHub/ECE385/Lab9/software/Lab9_bsp/../../lab9_soc.sopcinfo
Info: (Lab9.elf) 116 KBytes program size (code + initialized data).
Info:            65410 KBytes free for stack + heap.
Info: Creating Lab9.objdump
nios2-elf-objdump --disassemble --syms --all-header --source Lab9.elf >Lab9.objdump
[Lab9 build complete]
21:25:58 **** Incremental Build of configuration Nios II for project Lab9_bsp ****
make all 
[BSP build complete]
21:27:58 **** Incremental Build of configuration Nios II for project Lab9 ****
make all 
Info: Building ../Lab9_bsp/
C:/intelFPGA_lite/18.1/nios2eds/bin/gnu/H-x86_64-mingw32/bin/make --no-print-directory -C ../Lab9_bsp/
[BSP build complete]
[Lab9 build complete]
21:27:59 **** Incremental Build of configuration Nios II for project Lab9_bsp ****
make all 
[BSP build complete]
21:28:12 **** Incremental Build of configuration Nios II for project Lab9 ****
make all 
Info: Building ../Lab9_bsp/
C:/intelFPGA_lite/18.1/nios2eds/bin/gnu/H-x86_64-mingw32/bin/make --no-print-directory -C ../Lab9_bsp/
[BSP build complete]
Info: Compiling main.c to obj/default/main.o
nios2-elf-gcc -xc -MP -MMD -c -I../Lab9_bsp//HAL/inc -I../Lab9_bsp/ -I../Lab9_bsp//drivers/inc  -pipe -D__hal__ -DALT_NO_INSTRUCTION_EMULATION -DALT_SINGLE_THREADED    -O0 -g -Wall   -mno-hw-div -mno-hw-mul -mno-hw-mulx -mgpopt=global  -o obj/default/main.o main.c
main.c: In function 'main':
main.c:285:34: warning: passing argument 3 of 'encrypt' from incompatible pointer type [-Wincompatible-pointer-types]
    encrypt(msg_ascii, key_ascii, msg_enc, key);
                                  ^
main.c:198:6: note: expected 'long unsigned int *' but argument is of type 'unsigned int *'
 void encrypt(unsigned char * plaintext_asc, unsigned char * key_asc, unsigned long * state, unsigned long * key)
      ^
main.c:285:43: warning: passing argument 4 of 'encrypt' from incompatible pointer type [-Wincompatible-pointer-types]
    encrypt(msg_ascii, key_ascii, msg_enc, key);
                                           ^
main.c:198:6: note: expected 'long unsigned int *' but argument is of type 'unsigned int *'
 void encrypt(unsigned char * plaintext_asc, unsigned char * key_asc, unsigned long * state, unsigned long * key)
      ^
main.c:311:34: warning: passing argument 3 of 'encrypt' from incompatible pointer type [-Wincompatible-pointer-types]
    encrypt(msg_ascii, key_ascii, msg_enc, key);
                                  ^
main.c:198:6: note: expected 'long unsigned int *' but argument is of type 'unsigned int *'
 void encrypt(unsigned char * plaintext_asc, unsigned char * key_asc, unsigned long * state, unsigned long * key)
      ^
main.c:311:43: warning: passing argument 4 of 'encrypt' from incompatible pointer type [-Wincompatible-pointer-types]
    encrypt(msg_ascii, key_ascii, msg_enc, key);
                                           ^
main.c:198:6: note: expected 'long unsigned int *' but argument is of type 'unsigned int *'
 void encrypt(unsigned char * plaintext_asc, unsigned char * key_asc, unsigned long * state, unsigned long * key)
      ^
Info: Linking Lab9.elf
nios2-elf-g++  -T'../Lab9_bsp//linker.x' -msys-crt0='../Lab9_bsp//obj/HAL/src/crt0.o' -msys-lib=hal_bsp -L../Lab9_bsp/   -Wl,-Map=Lab9.map   -O0 -g -Wall   -mno-hw-div -mno-hw-mul -mno-hw-mulx -mgpopt=global  -o Lab9.elf obj/default/main.o -lm -msys-lib=m
nios2-elf-insert Lab9.elf --thread_model hal --cpu_name nios2_gen2_0 --qsys true --simulation_enabled false --id 0 --sidp 0x98 --timestamp 1572312221 --stderr_dev jtag_uart_0 --stdin_dev jtag_uart_0 --stdout_dev jtag_uart_0 --sopc_system_name lab9_soc --quartus_project_dir "C:/Users/nick1/Documents/GitHub/ECE385/Lab9" --jdi ../..//output_files/ECE385_LAB_9.jdi --sopcinfo C:/Users/nick1/Documents/GitHub/ECE385/Lab9/software/Lab9_bsp/../../lab9_soc.sopcinfo
Info: (Lab9.elf) 116 KBytes program size (code + initialized data).
Info:            65410 KBytes free for stack + heap.
Info: Creating Lab9.objdump
nios2-elf-objdump --disassemble --syms --all-header --source Lab9.elf >Lab9.objdump
[Lab9 build complete]
21:28:15 **** Incremental Build of configuration Nios II for project Lab9_bsp ****
make all 
[BSP build complete]
21:28:43 **** Incremental Build of configuration Nios II for project Lab9 ****
make all 
Info: Building ../Lab9_bsp/
C:/intelFPGA_lite/18.1/nios2eds/bin/gnu/H-x86_64-mingw32/bin/make --no-print-directory -C ../Lab9_bsp/
[BSP build complete]
[Lab9 build complete]
21:30:54 **** Incremental Build of configuration Nios II for project Lab9 ****
make all 
Info: Building ../Lab9_bsp/
C:/intelFPGA_lite/18.1/nios2eds/bin/gnu/H-x86_64-mingw32/bin/make --no-print-directory -C ../Lab9_bsp/
[BSP build complete]
[Lab9 build complete]
21:30:55 **** Incremental Build of configuration Nios II for project Lab9_bsp ****
make all 
[BSP build complete]
21:30:57 **** Incremental Build of configuration Nios II for project Lab9 ****
make all 
Info: Building ../Lab9_bsp/
C:/intelFPGA_lite/18.1/nios2eds/bin/gnu/H-x86_64-mingw32/bin/make --no-print-directory -C ../Lab9_bsp/
[BSP build complete]
[Lab9 build complete]
21:30:58 **** Incremental Build of configuration Nios II for project Lab9_bsp ****
make all 
[BSP build complete]
21:31:15 **** Incremental Build of configuration Nios II for project Lab9 ****
make all 
Info: Building ../Lab9_bsp/
C:/intelFPGA_lite/18.1/nios2eds/bin/gnu/H-x86_64-mingw32/bin/make --no-print-directory -C ../Lab9_bsp/
[BSP build complete]
[Lab9 build complete]
